<?xml version="1.0" encoding="UTF-8" standalone="yes"?>
<ns2:test-suite start="1579722576507" stop="1579722595921" version="1.4.15" xmlns:ns2="urn:model.allure.qatools.yandex.ru">
    <name>Verify user can only view the result by selected property class | 5starred |</name>
    <title>Verify user can only view the result by selected property class | 5starred |</title>
    <test-cases>
        <test-case start="1579722576508" stop="1579722576509" status="passed">
            <name>Given I am on Hotels Home Page</name>
            <title>Given I am on Hotels Home Page</title>
            <steps/>
            <attachments/>
            <labels>
                <label name="host" value="Yunuss-MacBook-Pro.local"/>
                <label name="thread" value="32145@Yunuss-MacBook-Pro.local.main(1)"/>
            </labels>
        </test-case>
        <test-case start="1579722581979" stop="1579722581979" status="passed">
            <name>Given Initialize the browser</name>
            <title>Given Initialize the browser</title>
            <steps/>
            <attachments/>
            <labels>
                <label name="host" value="Yunuss-MacBook-Pro.local"/>
                <label name="thread" value="32145@Yunuss-MacBook-Pro.local.main(1)"/>
            </labels>
        </test-case>
        <test-case start="1579722594753" stop="1579722594753" status="passed">
            <name>Given I am on default locations search result screen</name>
            <title>Given I am on default locations search result screen</title>
            <steps/>
            <attachments/>
            <labels>
                <label name="host" value="Yunuss-MacBook-Pro.local"/>
                <label name="thread" value="32145@Yunuss-MacBook-Pro.local.main(1)"/>
            </labels>
        </test-case>
        <test-case start="1579722595890" stop="1579722595912" status="broken">
            <name>When I select property class 5starred hotels</name>
            <title>When I select property class 5starred hotels</title>
            <failure>
                <message>WebDriverException: chrome not reachable
  (Session info: chrome=79.0.3945.117)
Build info: version: '3.14.0', revision: 'aacccce0', time: '2018-08-02T20:19:58.91Z'
System info: host: 'Yunuss-MacBook-Pro.local', ip: 'fe80:0:0:0:186f:ed70:fa92:9a4b%en0', os.name: 'Mac OS X', os.arch: 'x86_64', os.version: '10.14.6', java.version: '1.8.0_231'
Driver info: org.openqa.selenium.chrome.ChromeDriver
Capabilities {acceptInsecureCerts: false, browserName: chrome, browserVersion: 79.0.3945.117, chrome: {chromedriverVersion: 78.0.3904.70 (edb9c9f3de024..., userDataDir: /var/folders/vw/7t0rzylj0ns...}, goog:chromeOptions: {debuggerAddress: localhost:64027}, javascriptEnabled: true, networkConnectionEnabled: false, pageLoadStrategy: normal, platform: MAC, platformName: MAC, proxy: Proxy(), setWindowRect: true, strictFileInteractability: false, timeouts: {implicit: 0, pageLoad: 300000, script: 30000}, unhandledPromptBehavior: dismiss and notify}
Session ID: 2071ad7001463d2fe5b9feaadb3a58a9
*** Element info: {Using=css selector, value=a.property-name-link}</message>
                <stack-trace>org.openqa.selenium.WebDriverException: chrome not reachable
  (Session info: chrome=79.0.3945.117)
Build info: version: '3.14.0', revision: 'aacccce0', time: '2018-08-02T20:19:58.91Z'
System info: host: 'Yunuss-MacBook-Pro.local', ip: 'fe80:0:0:0:186f:ed70:fa92:9a4b%en0', os.name: 'Mac OS X', os.arch: 'x86_64', os.version: '10.14.6', java.version: '1.8.0_231'
Driver info: org.openqa.selenium.chrome.ChromeDriver
Capabilities {acceptInsecureCerts: false, browserName: chrome, browserVersion: 79.0.3945.117, chrome: {chromedriverVersion: 78.0.3904.70 (edb9c9f3de024..., userDataDir: /var/folders/vw/7t0rzylj0ns...}, goog:chromeOptions: {debuggerAddress: localhost:64027}, javascriptEnabled: true, networkConnectionEnabled: false, pageLoadStrategy: normal, platform: MAC, platformName: MAC, proxy: Proxy(), setWindowRect: true, strictFileInteractability: false, timeouts: {implicit: 0, pageLoad: 300000, script: 30000}, unhandledPromptBehavior: dismiss and notify}
Session ID: 2071ad7001463d2fe5b9feaadb3a58a9
*** Element info: {Using=css selector, value=a.property-name-link}
	at sun.reflect.NativeConstructorAccessorImpl.newInstance0(Native Method)
	at sun.reflect.NativeConstructorAccessorImpl.newInstance(NativeConstructorAccessorImpl.java:62)
	at sun.reflect.DelegatingConstructorAccessorImpl.newInstance(DelegatingConstructorAccessorImpl.java:45)
	at java.lang.reflect.Constructor.newInstance(Constructor.java:423)
	at org.openqa.selenium.remote.http.W3CHttpResponseCodec.createException(W3CHttpResponseCodec.java:187)
	at org.openqa.selenium.remote.http.W3CHttpResponseCodec.decode(W3CHttpResponseCodec.java:122)
	at org.openqa.selenium.remote.http.W3CHttpResponseCodec.decode(W3CHttpResponseCodec.java:49)
	at org.openqa.selenium.remote.HttpCommandExecutor.execute(HttpCommandExecutor.java:158)
	at org.openqa.selenium.remote.service.DriverCommandExecutor.execute(DriverCommandExecutor.java:83)
	at org.openqa.selenium.remote.RemoteWebDriver.execute(RemoteWebDriver.java:548)
	at org.openqa.selenium.remote.RemoteWebDriver.findElements(RemoteWebDriver.java:349)
	at org.openqa.selenium.remote.RemoteWebDriver.findElementsByCssSelector(RemoteWebDriver.java:420)
	at org.openqa.selenium.By$ByCssSelector.findElements(By.java:441)
	at org.openqa.selenium.remote.RemoteWebDriver.findElements(RemoteWebDriver.java:310)
	at framework.webpages.HotelsPage.getTitle(HotelsPage.java:92)
	at framework.webpages.HotelsPage.printResult(HotelsPage.java:87)
	at stepdefinition.HotelsPage1SD.iSelectHotelStar(HotelsPage1SD.java:40)
	at âœ½.When I select property class 5starred hotels(HotelsPage1.feature:11)
</stack-trace>
            </failure>
            <steps/>
            <attachments/>
            <labels>
                <label name="host" value="Yunuss-MacBook-Pro.local"/>
                <label name="thread" value="32145@Yunuss-MacBook-Pro.local.main(1)"/>
            </labels>
        </test-case>
        <test-case start="1579722595914" stop="1579722595914" status="pending">
            <name>Then I verify system displays only 5starred hotels on search result</name>
            <title>Then I verify system displays only 5starred hotels on search result</title>
            <failure>
                <message>Test ignored (without reason)!</message>
                <stack-trace>There are no stack trace</stack-trace>
            </failure>
            <steps/>
            <attachments/>
            <labels>
                <label name="host" value="Yunuss-MacBook-Pro.local"/>
                <label name="thread" value="32145@Yunuss-MacBook-Pro.local.main(1)"/>
            </labels>
        </test-case>
    </test-cases>
    <labels>
        <label name="story" value="Verify user can only view the result by selected property class | 5starred |"/>
        <label name="feature" value="Hotels feature"/>
        <label name="framework" value="CucumberJVM"/>
        <label name="language" value="JAVA"/>
    </labels>
</ns2:test-suite>
